<?xml version="1.0" encoding="UTF-8"?>
<testng-results skipped="0" failed="0" total="1" passed="1">
  <reporter-output>
  </reporter-output>
  <suite name="Command line suite" duration-ms="3591" started-at="2019-08-07T15:58:09Z" finished-at="2019-08-07T15:58:12Z">
    <groups>
    </groups>
    <test name="Command line test" duration-ms="3591" started-at="2019-08-07T15:58:09Z" finished-at="2019-08-07T15:58:12Z">
      <class name="SeleniumFramwork.SeleniumFramwork.HomePage">
        <test-method status="PASS" signature="navigation()[pri:0, instance:SeleniumFramwork.SeleniumFramwork.HomePage@2a556333]" name="navigation" duration-ms="3583" started-at="2019-08-07T11:58:09Z" finished-at="2019-08-07T11:58:12Z">
          <reporter-output>
          </reporter-output>
        </test-method> <!-- navigation -->
      </class> <!-- SeleniumFramwork.SeleniumFramwork.HomePage -->
    </test> <!-- Command line test -->
  </suite> <!-- Command line suite -->
</testng-results>
